

Started GET "/" for 127.0.0.1 at 2014-08-11 16:02:26 +0800
Processing by Rails::WelcomeController#index as HTML
  Rendered /Users/yimmy/.rbenv/versions/2.1.2/lib/ruby/gems/2.1.0/gems/railties-4.1.1/lib/rails/templates/rails/welcome/index.html.erb (3.2ms)
Completed 200 OK in 49ms (Views: 39.1ms)


Started GET "/" for 127.0.0.1 at 2014-08-11 16:02:26 +0800
Processing by Rails::WelcomeController#index as HTML
  Rendered /Users/yimmy/.rbenv/versions/2.1.2/lib/ruby/gems/2.1.0/gems/railties-4.1.1/lib/rails/templates/rails/welcome/index.html.erb (0.1ms)
Completed 200 OK in 2ms (Views: 1.3ms)


Started GET "/main/index" for 127.0.0.1 at 2014-08-11 16:06:41 +0800
Processing by MainController#index as HTML
  Rendered main/index.html.erb within layouts/application (1.0ms)
Completed 500 Internal Server Error in 38ms

ActionView::Template::Error (couldn't find file 'turbolinks'
  (in /Users/yimmy/workspace/moviescope/moviescope/app/assets/javascripts/application.js:15)):
    3: <head>
    4:   <title>Moviescope</title>
    5:   <%= stylesheet_link_tag    'application', media: 'all', 'data-turbolinks-track' => true %>
    6:   <%= javascript_include_tag 'application', 'data-turbolinks-track' => true %>
    7:   <%= csrf_meta_tags %>
    8: </head>
    9: <body>
  app/views/layouts/application.html.erb:6:in `_app_views_layouts_application_html_erb__266360273074910836_70300004813780'


  Rendered /Users/yimmy/.rbenv/versions/2.1.2/lib/ruby/gems/2.1.0/gems/actionpack-4.1.1/lib/action_dispatch/middleware/templates/rescues/_trace.html.erb (1.4ms)
  Rendered /Users/yimmy/.rbenv/versions/2.1.2/lib/ruby/gems/2.1.0/gems/actionpack-4.1.1/lib/action_dispatch/middleware/templates/rescues/_request_and_response.html.erb (8.6ms)
  Rendered /Users/yimmy/.rbenv/versions/2.1.2/lib/ruby/gems/2.1.0/gems/actionpack-4.1.1/lib/action_dispatch/middleware/templates/rescues/template_error.html.erb within rescues/layout (23.0ms)


Started GET "/main/index" for 127.0.0.1 at 2014-08-11 16:08:04 +0800
Processing by MainController#index as HTML
  Rendered main/index.html.erb within layouts/application (0.0ms)
Completed 500 Internal Server Error in 8ms

ActionView::Template::Error (couldn't find file 'turbolinks'
  (in /Users/yimmy/workspace/moviescope/moviescope/app/assets/javascripts/application.js:15)):
    3: <head>
    4:   <title>Moviescope</title>
    5:   <%= stylesheet_link_tag    'application', media: 'all' %>
    6:   <%= javascript_include_tag 'application' %>
    7:   <%= csrf_meta_tags %>
    8: </head>
    9: <body>
  app/views/layouts/application.html.erb:6:in `_app_views_layouts_application_html_erb__266360273074910836_70300009577560'


  Rendered /Users/yimmy/.rbenv/versions/2.1.2/lib/ruby/gems/2.1.0/gems/actionpack-4.1.1/lib/action_dispatch/middleware/templates/rescues/_trace.html.erb (1.6ms)
  Rendered /Users/yimmy/.rbenv/versions/2.1.2/lib/ruby/gems/2.1.0/gems/actionpack-4.1.1/lib/action_dispatch/middleware/templates/rescues/_request_and_response.html.erb (1.1ms)
  Rendered /Users/yimmy/.rbenv/versions/2.1.2/lib/ruby/gems/2.1.0/gems/actionpack-4.1.1/lib/action_dispatch/middleware/templates/rescues/template_error.html.erb within rescues/layout (10.5ms)


Started GET "/main/index" for 127.0.0.1 at 2014-08-11 16:08:40 +0800
Processing by MainController#index as HTML
  Rendered main/index.html.erb within layouts/application (0.0ms)
Completed 500 Internal Server Error in 6ms

ActionView::Template::Error (wrong number of arguments (2 for 1)
  (in /Users/yimmy/workspace/moviescope/moviescope/app/assets/javascripts/application.js:15)):
    3: <head>
    4:   <title>Moviescope</title>
    5:   <%= stylesheet_link_tag    'application', media: 'all' %>
    6:   <%= javascript_include_tag 'application' %>
    7:   <%= csrf_meta_tags %>
    8: </head>
    9: <body>
  app/views/layouts/application.html.erb:6:in `_app_views_layouts_application_html_erb__266360273074910836_70300009577560'


  Rendered /Users/yimmy/.rbenv/versions/2.1.2/lib/ruby/gems/2.1.0/gems/actionpack-4.1.1/lib/action_dispatch/middleware/templates/rescues/_trace.html.erb (1.0ms)
  Rendered /Users/yimmy/.rbenv/versions/2.1.2/lib/ruby/gems/2.1.0/gems/actionpack-4.1.1/lib/action_dispatch/middleware/templates/rescues/_request_and_response.html.erb (1.0ms)
  Rendered /Users/yimmy/.rbenv/versions/2.1.2/lib/ruby/gems/2.1.0/gems/actionpack-4.1.1/lib/action_dispatch/middleware/templates/rescues/template_error.html.erb within rescues/layout (10.7ms)


Started GET "/main/index" for 127.0.0.1 at 2014-08-11 16:09:44 +0800
Processing by MainController#index as HTML
  Rendered main/index.html.erb within layouts/application (0.0ms)
Completed 500 Internal Server Error in 7ms

ActionView::Template::Error (wrong number of arguments (2 for 1)
  (in /Users/yimmy/workspace/moviescope/moviescope/app/assets/javascripts/application.js:15)):
    3: <head>
    4:   <title>Moviescope</title>
    5:   <%= stylesheet_link_tag    'application', media: 'all' %>
    6:   <%= javascript_include_tag 'application' %>
    7:   <%= csrf_meta_tags %>
    8: </head>
    9: <body>
  app/views/layouts/application.html.erb:6:in `_app_views_layouts_application_html_erb__266360273074910836_70300008659160'


  Rendered /Users/yimmy/.rbenv/versions/2.1.2/lib/ruby/gems/2.1.0/gems/actionpack-4.1.1/lib/action_dispatch/middleware/templates/rescues/_trace.html.erb (1.0ms)
  Rendered /Users/yimmy/.rbenv/versions/2.1.2/lib/ruby/gems/2.1.0/gems/actionpack-4.1.1/lib/action_dispatch/middleware/templates/rescues/_request_and_response.html.erb (1.0ms)
  Rendered /Users/yimmy/.rbenv/versions/2.1.2/lib/ruby/gems/2.1.0/gems/actionpack-4.1.1/lib/action_dispatch/middleware/templates/rescues/template_error.html.erb within rescues/layout (9.9ms)


Started GET "/main/index" for 127.0.0.1 at 2014-08-11 16:09:45 +0800
Processing by MainController#index as HTML
  Rendered main/index.html.erb within layouts/application (0.0ms)
Completed 500 Internal Server Error in 6ms

ActionView::Template::Error (wrong number of arguments (2 for 1)
  (in /Users/yimmy/workspace/moviescope/moviescope/app/assets/javascripts/application.js:15)):
    3: <head>
    4:   <title>Moviescope</title>
    5:   <%= stylesheet_link_tag    'application', media: 'all' %>
    6:   <%= javascript_include_tag 'application' %>
    7:   <%= csrf_meta_tags %>
    8: </head>
    9: <body>
  app/views/layouts/application.html.erb:6:in `_app_views_layouts_application_html_erb__266360273074910836_70300008659160'


  Rendered /Users/yimmy/.rbenv/versions/2.1.2/lib/ruby/gems/2.1.0/gems/actionpack-4.1.1/lib/action_dispatch/middleware/templates/rescues/_trace.html.erb (1.2ms)
  Rendered /Users/yimmy/.rbenv/versions/2.1.2/lib/ruby/gems/2.1.0/gems/actionpack-4.1.1/lib/action_dispatch/middleware/templates/rescues/_request_and_response.html.erb (0.9ms)
  Rendered /Users/yimmy/.rbenv/versions/2.1.2/lib/ruby/gems/2.1.0/gems/actionpack-4.1.1/lib/action_dispatch/middleware/templates/rescues/template_error.html.erb within rescues/layout (9.8ms)


Started GET "/main/index" for 127.0.0.1 at 2014-08-11 16:10:36 +0800
Processing by MainController#index as HTML
  Rendered main/index.html.erb within layouts/application (0.1ms)
Completed 500 Internal Server Error in 8ms

ActionView::Template::Error (wrong number of arguments (2 for 1)
  (in /Users/yimmy/workspace/moviescope/moviescope/app/assets/javascripts/application.js:15)):
    3: <head>
    4:  <title>Application Title</title>
    5:  <%= stylesheet_link_tag    "application", media: "all" %>
    6:  <%= javascript_include_tag "application" %>
    7:  <%= csrf_meta_tags %>
    8: </head>
    9: <body>
  app/views/layouts/application.html.erb:6:in `_app_views_layouts_application_html_erb__266360273074910836_70299978153060'


  Rendered /Users/yimmy/.rbenv/versions/2.1.2/lib/ruby/gems/2.1.0/gems/actionpack-4.1.1/lib/action_dispatch/middleware/templates/rescues/_trace.html.erb (1.4ms)
  Rendered /Users/yimmy/.rbenv/versions/2.1.2/lib/ruby/gems/2.1.0/gems/actionpack-4.1.1/lib/action_dispatch/middleware/templates/rescues/_request_and_response.html.erb (0.9ms)
  Rendered /Users/yimmy/.rbenv/versions/2.1.2/lib/ruby/gems/2.1.0/gems/actionpack-4.1.1/lib/action_dispatch/middleware/templates/rescues/template_error.html.erb within rescues/layout (10.5ms)


Started GET "/main/index" for 127.0.0.1 at 2014-08-11 16:11:15 +0800
Processing by MainController#index as HTML
  Rendered main/index.html.erb within layouts/application (0.0ms)
Completed 200 OK in 149ms (Views: 148.7ms)


Started GET "/assets/main.css?body=1" for 127.0.0.1 at 2014-08-11 16:11:16 +0800


Started GET "/assets/jquery.js?body=1" for 127.0.0.1 at 2014-08-11 16:11:16 +0800


Started GET "/assets/application.css?body=1" for 127.0.0.1 at 2014-08-11 16:11:16 +0800


Started GET "/assets/angular.js?body=1" for 127.0.0.1 at 2014-08-11 16:11:16 +0800


Started GET "/assets/application.js?body=1" for 127.0.0.1 at 2014-08-11 16:11:16 +0800


Started GET "/assets/jquery_ujs.js?body=1" for 127.0.0.1 at 2014-08-11 16:11:16 +0800


Started GET "/main/index" for 127.0.0.1 at 2014-08-11 16:17:09 +0800
Processing by MainController#index as HTML
  Rendered main/index.html.erb within layouts/application (0.3ms)
Completed 200 OK in 3ms (Views: 3.1ms)


Started GET "/assets/application.js?body=1" for 127.0.0.1 at 2014-08-11 16:17:09 +0800


Started GET "/assets/main.css?body=1" for 127.0.0.1 at 2014-08-11 16:17:09 +0800


Started GET "/assets/application.css?body=1" for 127.0.0.1 at 2014-08-11 16:17:09 +0800


Started GET "/main/index" for 127.0.0.1 at 2014-08-11 16:18:33 +0800
Processing by MainController#index as HTML
  Rendered main/index.html.erb within layouts/application (0.0ms)
Completed 500 Internal Server Error in 363ms

ActionView::Template::Error (Asset filtered out and will not be served: add `Rails.application.config.assets.precompile += %w( main.js )` to `config/initializers/assets.rb` and restart your server):
    3: <head>
    4:  <title>Application Title</title>
    5:  <%= stylesheet_link_tag    "application", media: "all" %>
    6:  <%= javascript_include_tag "application", controller_name %>
    7:  <%= csrf_meta_tags %>
    8: </head>
    9: <body>
  app/views/layouts/application.html.erb:6:in `_app_views_layouts_application_html_erb__266360273074910836_70299975891940'


  Rendered /Users/yimmy/.rbenv/versions/2.1.2/lib/ruby/gems/2.1.0/gems/actionpack-4.1.1/lib/action_dispatch/middleware/templates/rescues/_trace.html.erb (1.1ms)
  Rendered /Users/yimmy/.rbenv/versions/2.1.2/lib/ruby/gems/2.1.0/gems/actionpack-4.1.1/lib/action_dispatch/middleware/templates/rescues/_request_and_response.html.erb (1.3ms)
  Rendered /Users/yimmy/.rbenv/versions/2.1.2/lib/ruby/gems/2.1.0/gems/actionpack-4.1.1/lib/action_dispatch/middleware/templates/rescues/template_error.html.erb within rescues/layout (10.5ms)


Started GET "/main/index" for 127.0.0.1 at 2014-08-11 16:20:07 +0800
Processing by MainController#index as HTML
  Rendered main/index.html.erb within layouts/application (1.3ms)
Completed 200 OK in 58ms (Views: 57.6ms)


Started GET "/assets/jquery_ujs.js?body=1" for 127.0.0.1 at 2014-08-11 16:20:07 +0800


Started GET "/assets/angular.js?body=1" for 127.0.0.1 at 2014-08-11 16:20:07 +0800


Started GET "/assets/application.css?body=1" for 127.0.0.1 at 2014-08-11 16:20:07 +0800


Started GET "/assets/jquery.js?body=1" for 127.0.0.1 at 2014-08-11 16:20:07 +0800


Started GET "/assets/application.js?body=1" for 127.0.0.1 at 2014-08-11 16:20:07 +0800


Started GET "/assets/controllers/main/mainIndexCtrl.js?body=1" for 127.0.0.1 at 2014-08-11 16:20:07 +0800


Started GET "/assets/main.js?body=1" for 127.0.0.1 at 2014-08-11 16:20:07 +0800


Started GET "/assets/main.css?body=1" for 127.0.0.1 at 2014-08-11 16:20:07 +0800


Started GET "/assets/controllers/main/mainIndexCtrl.js?body=1" for 127.0.0.1 at 2014-08-11 16:20:08 +0800


Started GET "/main/index" for 127.0.0.1 at 2014-08-11 16:21:12 +0800
Processing by MainController#index as HTML
  Rendered main/index.html.erb within layouts/application (0.0ms)
Completed 200 OK in 4ms (Views: 4.3ms)


Started GET "/assets/application.js?body=1" for 127.0.0.1 at 2014-08-11 16:21:12 +0800


Started GET "/assets/jquery.js?body=1" for 127.0.0.1 at 2014-08-11 16:21:12 +0800


Started GET "/assets/main.css?body=1" for 127.0.0.1 at 2014-08-11 16:21:12 +0800


Started GET "/assets/angular.js?body=1" for 127.0.0.1 at 2014-08-11 16:21:12 +0800


Started GET "/assets/application.css?body=1" for 127.0.0.1 at 2014-08-11 16:21:12 +0800


Started GET "/assets/jquery_ujs.js?body=1" for 127.0.0.1 at 2014-08-11 16:21:12 +0800


Started GET "/assets/main.js?body=1" for 127.0.0.1 at 2014-08-11 16:21:12 +0800


Started GET "/assets/controllers/main/mainIndexCtrl.js?body=1" for 127.0.0.1 at 2014-08-11 16:21:12 +0800


Started GET "/main/index" for 127.0.0.1 at 2014-08-11 16:22:54 +0800
Processing by MainController#index as HTML
  Rendered main/index.html.erb within layouts/application (0.4ms)
Completed 200 OK in 266ms (Views: 266.1ms)


Started GET "/assets/jquery_ujs.js?body=1" for 127.0.0.1 at 2014-08-11 16:22:55 +0800


Started GET "/assets/main.css?body=1" for 127.0.0.1 at 2014-08-11 16:22:55 +0800


Started GET "/assets/application.js?body=1" for 127.0.0.1 at 2014-08-11 16:22:55 +0800


Started GET "/assets/angular.js?body=1" for 127.0.0.1 at 2014-08-11 16:22:55 +0800


Started GET "/assets/application.css?body=1" for 127.0.0.1 at 2014-08-11 16:22:55 +0800


Started GET "/assets/jquery.js?body=1" for 127.0.0.1 at 2014-08-11 16:22:55 +0800


Started GET "/assets/main.js?body=1" for 127.0.0.1 at 2014-08-11 16:22:55 +0800


Started GET "/assets/controllers/main/mainIndexCtrl.js?body=1" for 127.0.0.1 at 2014-08-11 16:22:55 +0800


Started GET "/main/%7B%7BbigDisplay.Poster%7D%7D" for 127.0.0.1 at 2014-08-11 16:22:55 +0800

ActionController::RoutingError (No route matches [GET] "/main/%7B%7BbigDisplay.Poster%7D%7D"):
  actionpack (4.1.1) lib/action_dispatch/middleware/debug_exceptions.rb:21:in `call'
  actionpack (4.1.1) lib/action_dispatch/middleware/show_exceptions.rb:30:in `call'
  railties (4.1.1) lib/rails/rack/logger.rb:38:in `call_app'
  railties (4.1.1) lib/rails/rack/logger.rb:20:in `block in call'
  activesupport (4.1.1) lib/active_support/tagged_logging.rb:68:in `block in tagged'
  activesupport (4.1.1) lib/active_support/tagged_logging.rb:26:in `tagged'
  activesupport (4.1.1) lib/active_support/tagged_logging.rb:68:in `tagged'
  railties (4.1.1) lib/rails/rack/logger.rb:20:in `call'
  actionpack (4.1.1) lib/action_dispatch/middleware/request_id.rb:21:in `call'
  rack (1.5.2) lib/rack/methodoverride.rb:21:in `call'
  rack (1.5.2) lib/rack/runtime.rb:17:in `call'
  activesupport (4.1.1) lib/active_support/cache/strategy/local_cache_middleware.rb:26:in `call'
  rack (1.5.2) lib/rack/lock.rb:17:in `call'
  actionpack (4.1.1) lib/action_dispatch/middleware/static.rb:64:in `call'
  rack (1.5.2) lib/rack/sendfile.rb:112:in `call'
  railties (4.1.1) lib/rails/engine.rb:514:in `call'
  railties (4.1.1) lib/rails/application.rb:144:in `call'
  rack (1.5.2) lib/rack/lock.rb:17:in `call'
  rack (1.5.2) lib/rack/content_length.rb:14:in `call'
  rack (1.5.2) lib/rack/handler/webrick.rb:60:in `service'
  /Users/yimmy/.rbenv/versions/2.1.2/lib/ruby/2.1.0/webrick/httpserver.rb:138:in `service'
  /Users/yimmy/.rbenv/versions/2.1.2/lib/ruby/2.1.0/webrick/httpserver.rb:94:in `run'
  /Users/yimmy/.rbenv/versions/2.1.2/lib/ruby/2.1.0/webrick/server.rb:295:in `block in start_thread'


  Rendered /Users/yimmy/.rbenv/versions/2.1.2/lib/ruby/gems/2.1.0/gems/actionpack-4.1.1/lib/action_dispatch/middleware/templates/rescues/_trace.html.erb (0.9ms)
  Rendered /Users/yimmy/.rbenv/versions/2.1.2/lib/ruby/gems/2.1.0/gems/actionpack-4.1.1/lib/action_dispatch/middleware/templates/routes/_route.html.erb (1.1ms)
  Rendered /Users/yimmy/.rbenv/versions/2.1.2/lib/ruby/gems/2.1.0/gems/actionpack-4.1.1/lib/action_dispatch/middleware/templates/routes/_table.html.erb (23.1ms)
  Rendered /Users/yimmy/.rbenv/versions/2.1.2/lib/ruby/gems/2.1.0/gems/actionpack-4.1.1/lib/action_dispatch/middleware/templates/rescues/routing_error.html.erb within rescues/layout (75.8ms)


Started GET "/main/index" for 127.0.0.1 at 2014-08-11 16:25:43 +0800
Processing by MainController#index as HTML
  Rendered main/index.html.erb within layouts/application (0.1ms)
Completed 200 OK in 19ms (Views: 18.9ms)


Started GET "/assets/jquery.js?body=1" for 127.0.0.1 at 2014-08-11 16:25:43 +0800


Started GET "/assets/application.js?body=1" for 127.0.0.1 at 2014-08-11 16:25:43 +0800


Started GET "/assets/jquery_ujs.js?body=1" for 127.0.0.1 at 2014-08-11 16:25:43 +0800


Started GET "/assets/application.css?body=1" for 127.0.0.1 at 2014-08-11 16:25:43 +0800


Started GET "/assets/angular.js?body=1" for 127.0.0.1 at 2014-08-11 16:25:43 +0800


Started GET "/assets/controllers/main/mainIndexCtrl.js?body=1" for 127.0.0.1 at 2014-08-11 16:25:43 +0800


Started GET "/assets/main.js?body=1" for 127.0.0.1 at 2014-08-11 16:25:43 +0800


Started GET "/main/%7B%7BbigDisplay.Poster%7D%7D" for 127.0.0.1 at 2014-08-11 16:25:43 +0800

ActionController::RoutingError (No route matches [GET] "/main/%7B%7BbigDisplay.Poster%7D%7D"):
  actionpack (4.1.1) lib/action_dispatch/middleware/debug_exceptions.rb:21:in `call'
  actionpack (4.1.1) lib/action_dispatch/middleware/show_exceptions.rb:30:in `call'
  railties (4.1.1) lib/rails/rack/logger.rb:38:in `call_app'
  railties (4.1.1) lib/rails/rack/logger.rb:20:in `block in call'
  activesupport (4.1.1) lib/active_support/tagged_logging.rb:68:in `block in tagged'
  activesupport (4.1.1) lib/active_support/tagged_logging.rb:26:in `tagged'
  activesupport (4.1.1) lib/active_support/tagged_logging.rb:68:in `tagged'
  railties (4.1.1) lib/rails/rack/logger.rb:20:in `call'
  actionpack (4.1.1) lib/action_dispatch/middleware/request_id.rb:21:in `call'
  rack (1.5.2) lib/rack/methodoverride.rb:21:in `call'
  rack (1.5.2) lib/rack/runtime.rb:17:in `call'
  activesupport (4.1.1) lib/active_support/cache/strategy/local_cache_middleware.rb:26:in `call'
  rack (1.5.2) lib/rack/lock.rb:17:in `call'
  actionpack (4.1.1) lib/action_dispatch/middleware/static.rb:64:in `call'
  rack (1.5.2) lib/rack/sendfile.rb:112:in `call'
  railties (4.1.1) lib/rails/engine.rb:514:in `call'
  railties (4.1.1) lib/rails/application.rb:144:in `call'
  rack (1.5.2) lib/rack/lock.rb:17:in `call'
  rack (1.5.2) lib/rack/content_length.rb:14:in `call'
  rack (1.5.2) lib/rack/handler/webrick.rb:60:in `service'
  /Users/yimmy/.rbenv/versions/2.1.2/lib/ruby/2.1.0/webrick/httpserver.rb:138:in `service'
  /Users/yimmy/.rbenv/versions/2.1.2/lib/ruby/2.1.0/webrick/httpserver.rb:94:in `run'
  /Users/yimmy/.rbenv/versions/2.1.2/lib/ruby/2.1.0/webrick/server.rb:295:in `block in start_thread'


  Rendered /Users/yimmy/.rbenv/versions/2.1.2/lib/ruby/gems/2.1.0/gems/actionpack-4.1.1/lib/action_dispatch/middleware/templates/rescues/_trace.html.erb (1.3ms)
  Rendered /Users/yimmy/.rbenv/versions/2.1.2/lib/ruby/gems/2.1.0/gems/actionpack-4.1.1/lib/action_dispatch/middleware/templates/routes/_route.html.erb (0.7ms)
  Rendered /Users/yimmy/.rbenv/versions/2.1.2/lib/ruby/gems/2.1.0/gems/actionpack-4.1.1/lib/action_dispatch/middleware/templates/routes/_table.html.erb (0.8ms)
  Rendered /Users/yimmy/.rbenv/versions/2.1.2/lib/ruby/gems/2.1.0/gems/actionpack-4.1.1/lib/action_dispatch/middleware/templates/rescues/routing_error.html.erb within rescues/layout (17.1ms)


Started GET "/assets/main.css?body=1" for 127.0.0.1 at 2014-08-11 16:25:43 +0800


Started GET "/" for 127.0.0.1 at 2014-08-11 16:28:27 +0800
Processing by Rails::WelcomeController#index as HTML
  Rendered /Users/yimmy/.rbenv/versions/2.1.2/lib/ruby/gems/2.1.0/gems/railties-4.1.1/lib/rails/templates/rails/welcome/index.html.erb (0.8ms)
Completed 200 OK in 3ms (Views: 2.9ms)


Started GET "/main/index" for 127.0.0.1 at 2014-08-11 16:28:33 +0800
Processing by MainController#index as HTML
  Rendered main/index.html.erb within layouts/application (0.1ms)
Completed 200 OK in 9ms (Views: 8.9ms)


Started GET "/assets/application.css?body=1" for 127.0.0.1 at 2014-08-11 16:28:33 +0800


Started GET "/assets/main.css?body=1" for 127.0.0.1 at 2014-08-11 16:28:33 +0800


Started GET "/assets/application.js?body=1" for 127.0.0.1 at 2014-08-11 16:28:33 +0800


Started GET "/assets/jquery_ujs.js?body=1" for 127.0.0.1 at 2014-08-11 16:28:33 +0800


Started GET "/assets/jquery.js?body=1" for 127.0.0.1 at 2014-08-11 16:28:33 +0800


Started GET "/assets/angular.js?body=1" for 127.0.0.1 at 2014-08-11 16:28:33 +0800


Started GET "/assets/main.js?body=1" for 127.0.0.1 at 2014-08-11 16:28:33 +0800


Started GET "/assets/controllers/main/mainIndexCtrl.js?body=1" for 127.0.0.1 at 2014-08-11 16:28:33 +0800


Started GET "/main/%7B%7BbigDisplay.Poster%7D%7D" for 127.0.0.1 at 2014-08-11 16:28:33 +0800

ActionController::RoutingError (No route matches [GET] "/main/%7B%7BbigDisplay.Poster%7D%7D"):
  actionpack (4.1.1) lib/action_dispatch/middleware/debug_exceptions.rb:21:in `call'
  actionpack (4.1.1) lib/action_dispatch/middleware/show_exceptions.rb:30:in `call'
  railties (4.1.1) lib/rails/rack/logger.rb:38:in `call_app'
  railties (4.1.1) lib/rails/rack/logger.rb:20:in `block in call'
  activesupport (4.1.1) lib/active_support/tagged_logging.rb:68:in `block in tagged'
  activesupport (4.1.1) lib/active_support/tagged_logging.rb:26:in `tagged'
  activesupport (4.1.1) lib/active_support/tagged_logging.rb:68:in `tagged'
  railties (4.1.1) lib/rails/rack/logger.rb:20:in `call'
  actionpack (4.1.1) lib/action_dispatch/middleware/request_id.rb:21:in `call'
  rack (1.5.2) lib/rack/methodoverride.rb:21:in `call'
  rack (1.5.2) lib/rack/runtime.rb:17:in `call'
  activesupport (4.1.1) lib/active_support/cache/strategy/local_cache_middleware.rb:26:in `call'
  rack (1.5.2) lib/rack/lock.rb:17:in `call'
  actionpack (4.1.1) lib/action_dispatch/middleware/static.rb:64:in `call'
  rack (1.5.2) lib/rack/sendfile.rb:112:in `call'
  railties (4.1.1) lib/rails/engine.rb:514:in `call'
  railties (4.1.1) lib/rails/application.rb:144:in `call'
  rack (1.5.2) lib/rack/lock.rb:17:in `call'
  rack (1.5.2) lib/rack/content_length.rb:14:in `call'
  rack (1.5.2) lib/rack/handler/webrick.rb:60:in `service'
  /Users/yimmy/.rbenv/versions/2.1.2/lib/ruby/2.1.0/webrick/httpserver.rb:138:in `service'
  /Users/yimmy/.rbenv/versions/2.1.2/lib/ruby/2.1.0/webrick/httpserver.rb:94:in `run'
  /Users/yimmy/.rbenv/versions/2.1.2/lib/ruby/2.1.0/webrick/server.rb:295:in `block in start_thread'


  Rendered /Users/yimmy/.rbenv/versions/2.1.2/lib/ruby/gems/2.1.0/gems/actionpack-4.1.1/lib/action_dispatch/middleware/templates/rescues/_trace.html.erb (0.9ms)
  Rendered /Users/yimmy/.rbenv/versions/2.1.2/lib/ruby/gems/2.1.0/gems/actionpack-4.1.1/lib/action_dispatch/middleware/templates/routes/_route.html.erb (1.0ms)
  Rendered /Users/yimmy/.rbenv/versions/2.1.2/lib/ruby/gems/2.1.0/gems/actionpack-4.1.1/lib/action_dispatch/middleware/templates/routes/_table.html.erb (1.4ms)
  Rendered /Users/yimmy/.rbenv/versions/2.1.2/lib/ruby/gems/2.1.0/gems/actionpack-4.1.1/lib/action_dispatch/middleware/templates/rescues/routing_error.html.erb within rescues/layout (15.9ms)


Started GET "/" for 127.0.0.1 at 2014-08-11 16:29:44 +0800
Processing by Rails::WelcomeController#index as HTML
  Rendered /Users/yimmy/.rbenv/versions/2.1.2/lib/ruby/gems/2.1.0/gems/railties-4.1.1/lib/rails/templates/rails/welcome/index.html.erb (0.0ms)
Completed 200 OK in 1ms (Views: 0.8ms)


Started GET "/main/index" for 127.0.0.1 at 2014-08-11 16:29:46 +0800
Processing by MainController#index as HTML
  Rendered main/index.html.erb within layouts/application (0.1ms)
Completed 200 OK in 52ms (Views: 52.3ms)


Started GET "/assets/main.css?body=1" for 127.0.0.1 at 2014-08-11 16:29:46 +0800


Started GET "/assets/jquery.js?body=1" for 127.0.0.1 at 2014-08-11 16:29:46 +0800


Started GET "/assets/bootstrap.css?body=1" for 127.0.0.1 at 2014-08-11 16:29:46 +0800


Started GET "/assets/jquery_ujs.js?body=1" for 127.0.0.1 at 2014-08-11 16:29:46 +0800


Started GET "/assets/application.css?body=1" for 127.0.0.1 at 2014-08-11 16:29:46 +0800


Started GET "/assets/main.js?body=1" for 127.0.0.1 at 2014-08-11 16:29:46 +0800


Started GET "/assets/angular.js?body=1" for 127.0.0.1 at 2014-08-11 16:29:46 +0800


Started GET "/assets/application.js?body=1" for 127.0.0.1 at 2014-08-11 16:29:46 +0800


Started GET "/assets/controllers/main/mainIndexCtrl.js?body=1" for 127.0.0.1 at 2014-08-11 16:29:46 +0800


Started GET "/main/%7B%7BbigDisplay.Poster%7D%7D" for 127.0.0.1 at 2014-08-11 16:29:46 +0800

ActionController::RoutingError (No route matches [GET] "/main/%7B%7BbigDisplay.Poster%7D%7D"):
  actionpack (4.1.1) lib/action_dispatch/middleware/debug_exceptions.rb:21:in `call'
  actionpack (4.1.1) lib/action_dispatch/middleware/show_exceptions.rb:30:in `call'
  railties (4.1.1) lib/rails/rack/logger.rb:38:in `call_app'
  railties (4.1.1) lib/rails/rack/logger.rb:20:in `block in call'
  activesupport (4.1.1) lib/active_support/tagged_logging.rb:68:in `block in tagged'
  activesupport (4.1.1) lib/active_support/tagged_logging.rb:26:in `tagged'
  activesupport (4.1.1) lib/active_support/tagged_logging.rb:68:in `tagged'
  railties (4.1.1) lib/rails/rack/logger.rb:20:in `call'
  actionpack (4.1.1) lib/action_dispatch/middleware/request_id.rb:21:in `call'
  rack (1.5.2) lib/rack/methodoverride.rb:21:in `call'
  rack (1.5.2) lib/rack/runtime.rb:17:in `call'
  activesupport (4.1.1) lib/active_support/cache/strategy/local_cache_middleware.rb:26:in `call'
  rack (1.5.2) lib/rack/lock.rb:17:in `call'
  actionpack (4.1.1) lib/action_dispatch/middleware/static.rb:64:in `call'
  rack (1.5.2) lib/rack/sendfile.rb:112:in `call'
  railties (4.1.1) lib/rails/engine.rb:514:in `call'
  railties (4.1.1) lib/rails/application.rb:144:in `call'
  rack (1.5.2) lib/rack/lock.rb:17:in `call'
  rack (1.5.2) lib/rack/content_length.rb:14:in `call'
  rack (1.5.2) lib/rack/handler/webrick.rb:60:in `service'
  /Users/yimmy/.rbenv/versions/2.1.2/lib/ruby/2.1.0/webrick/httpserver.rb:138:in `service'
  /Users/yimmy/.rbenv/versions/2.1.2/lib/ruby/2.1.0/webrick/httpserver.rb:94:in `run'
  /Users/yimmy/.rbenv/versions/2.1.2/lib/ruby/2.1.0/webrick/server.rb:295:in `block in start_thread'


  Rendered /Users/yimmy/.rbenv/versions/2.1.2/lib/ruby/gems/2.1.0/gems/actionpack-4.1.1/lib/action_dispatch/middleware/templates/rescues/_trace.html.erb (1.4ms)
  Rendered /Users/yimmy/.rbenv/versions/2.1.2/lib/ruby/gems/2.1.0/gems/actionpack-4.1.1/lib/action_dispatch/middleware/templates/routes/_route.html.erb (1.0ms)
  Rendered /Users/yimmy/.rbenv/versions/2.1.2/lib/ruby/gems/2.1.0/gems/actionpack-4.1.1/lib/action_dispatch/middleware/templates/routes/_table.html.erb (1.3ms)
  Rendered /Users/yimmy/.rbenv/versions/2.1.2/lib/ruby/gems/2.1.0/gems/actionpack-4.1.1/lib/action_dispatch/middleware/templates/rescues/routing_error.html.erb within rescues/layout (17.1ms)
